2025-08-12 15:41:43,153 - INFO - ------------- logs output to log.out
2025-08-12 15:41:44,955 - INFO - Fundamental frequency detected 99.80910612895356, computing pitch shift
2025-08-12 15:41:44,955 - INFO - Updating pitch to 17
2025-08-13 11:34:17,775 - INFO - ------------- logs output to log.out
2025-08-13 11:34:19,624 - INFO - Fundamental frequency detected 135.06428240229843, computing pitch shift
2025-08-13 11:34:19,624 - INFO - Updating pitch to 12
2025-08-13 11:38:40,230 - INFO - ------------- logs output to log.out
2025-08-13 11:38:40,387 - INFO - Fundamental frequency detected 135.75353035663156, computing pitch shift
2025-08-13 11:38:40,387 - INFO - Updating pitch to 12
<<<<<<< HEAD
2025-08-13 15:07:50,329 - INFO - ------------- logs output to log.out
2025-08-13 15:07:52,141 - INFO - Fundamental frequency detected 77.58356251560934, computing pitch shift
2025-08-13 15:07:52,141 - INFO - Updating pitch to 22
2025-08-15 00:37:47,905 - INFO - ------------- logs output to log.out
2025-08-15 00:37:48,323 - INFO - Fundamental frequency detected 75.07872780024569, computing pitch shift
2025-08-15 00:37:48,323 - INFO - Updating pitch to 22
2025-08-15 00:40:26,450 - INFO - ------------- logs output to log.out
2025-08-15 00:40:26,560 - INFO - Fundamental frequency detected 75.2782466295836, computing pitch shift
2025-08-15 00:40:26,560 - INFO - Updating pitch to 22
2025-08-15 09:59:54,063 - INFO - ------------- logs output to log.out
2025-08-15 09:59:54,670 - INFO - Fundamental frequency detected 86.95140997477324, computing pitch shift
2025-08-15 09:59:54,670 - INFO - Updating pitch to 20
2025-08-15 10:01:01,547 - INFO - ------------- logs output to log.out
2025-08-15 10:01:01,662 - INFO - Fundamental frequency detected 103.22045015624363, computing pitch shift
2025-08-15 10:01:01,662 - INFO - Updating pitch to 17
2025-08-15 17:58:11,460 - INFO - ------------- logs output to log.out
2025-08-15 17:58:11,960 - INFO - Fundamental frequency detected 65.33333333333333, computing pitch shift
2025-08-15 17:58:11,960 - INFO - Updating pitch to 25
2025-08-15 17:58:57,321 - INFO - ------------- logs output to log.out
2025-08-15 17:58:57,409 - INFO - Fundamental frequency detected 65.33333333333333, computing pitch shift
2025-08-15 17:58:57,409 - INFO - Updating pitch to 25
2025-08-24 18:01:10,340 - INFO - ------------- logs output to log.out
2025-08-24 18:01:12,184 - INFO - Fundamental frequency detected 74.04186153297483, computing pitch shift
2025-08-24 18:01:12,184 - INFO - Updating pitch to 22
=======
2025-08-13 14:37:49,189 - INFO - ------------- logs output to log.out
2025-08-13 14:37:49,275 - INFO - Fundamental frequency detected 112.84558239243086, computing pitch shift
2025-08-13 14:37:49,275 - INFO - Updating pitch to 15
2025-08-13 14:44:19,081 - INFO - ------------- logs output to log.out
2025-08-13 14:44:19,158 - INFO - Fundamental frequency detected 111.1987438571277, computing pitch shift
2025-08-13 14:44:19,158 - INFO - Updating pitch to 15
2025-08-13 14:44:53,852 - INFO - ------------- logs output to log.out
2025-08-13 14:44:53,943 - INFO - Fundamental frequency detected 121.55522216740965, computing pitch shift
2025-08-13 14:44:53,943 - INFO - Updating pitch to 14
2025-08-13 15:14:59,581 - INFO - ------------- logs output to log.out
2025-08-13 15:14:59,732 - INFO - Fundamental frequency detected 123.09995098819377, computing pitch shift
2025-08-13 15:14:59,732 - INFO - Updating pitch to 14
2025-08-13 15:16:19,065 - INFO - ------------- logs output to log.out
2025-08-13 15:16:19,154 - INFO - Fundamental frequency detected 115.06159338366331, computing pitch shift
2025-08-13 15:16:19,155 - INFO - Updating pitch to 15
2025-08-13 15:17:07,097 - INFO - ------------- logs output to log.out
2025-08-13 15:17:07,187 - INFO - Fundamental frequency detected 146.79710664571704, computing pitch shift
2025-08-13 15:17:07,187 - INFO - Updating pitch to 10
2025-08-13 15:18:20,864 - INFO - ------------- logs output to log.out
2025-08-13 15:18:20,955 - INFO - Fundamental frequency detected 121.316441383832, computing pitch shift
2025-08-13 15:18:20,955 - INFO - Updating pitch to 14
2025-08-13 15:19:26,301 - INFO - ------------- logs output to log.out
2025-08-13 15:19:26,394 - INFO - Fundamental frequency detected 121.94660743703727, computing pitch shift
2025-08-13 15:19:26,394 - INFO - Updating pitch to 14
2025-08-13 15:21:42,929 - INFO - ------------- logs output to log.out
2025-08-13 15:21:43,019 - INFO - Fundamental frequency detected 104.787306413319, computing pitch shift
2025-08-13 15:21:43,019 - INFO - Updating pitch to 16
2025-08-13 15:22:40,668 - INFO - ------------- logs output to log.out
2025-08-13 15:22:40,758 - INFO - Fundamental frequency detected 112.11309358705368, computing pitch shift
2025-08-13 15:22:40,758 - INFO - Updating pitch to 15
2025-08-13 15:39:41,086 - INFO - ------------- logs output to log.out
2025-08-13 15:39:41,178 - INFO - Fundamental frequency detected 116.26021713429283, computing pitch shift
2025-08-13 15:39:41,178 - INFO - Updating pitch to 15
2025-08-13 15:41:05,555 - INFO - ------------- logs output to log.out
2025-08-13 15:41:05,647 - INFO - Fundamental frequency detected 111.96773687135979, computing pitch shift
2025-08-13 15:41:05,647 - INFO - Updating pitch to 15
2025-08-13 15:43:12,422 - INFO - ------------- logs output to log.out
2025-08-13 15:43:12,513 - INFO - Fundamental frequency detected 109.49249596655056, computing pitch shift
2025-08-13 15:43:12,513 - INFO - Updating pitch to 16
2025-08-13 15:44:14,427 - INFO - ------------- logs output to log.out
2025-08-13 15:44:14,517 - INFO - Fundamental frequency detected 110.04819881759121, computing pitch shift
2025-08-13 15:44:14,517 - INFO - Updating pitch to 15
2025-08-13 15:45:09,907 - INFO - ------------- logs output to log.out
2025-08-13 15:45:10,000 - INFO - Fundamental frequency detected 112.9880323813692, computing pitch shift
2025-08-13 15:45:10,000 - INFO - Updating pitch to 15
2025-08-13 15:47:35,685 - INFO - ------------- logs output to log.out
2025-08-13 15:47:35,776 - INFO - Fundamental frequency detected 106.96067974777267, computing pitch shift
2025-08-13 15:47:35,776 - INFO - Updating pitch to 16
2025-08-13 15:49:39,861 - INFO - ------------- logs output to log.out
2025-08-13 15:49:39,948 - INFO - Fundamental frequency detected 114.13842828044682, computing pitch shift
2025-08-13 15:49:39,948 - INFO - Updating pitch to 15
2025-08-13 15:50:43,732 - INFO - ------------- logs output to log.out
2025-08-13 15:50:43,818 - INFO - Fundamental frequency detected 112.1779625759876, computing pitch shift
2025-08-13 15:50:43,818 - INFO - Updating pitch to 15
>>>>>>> c4c4e2488ae9325168708d9ba8021b3b4f359feb
2025-08-27 09:41:44,409 - INFO - ------------- logs output to log.out
2025-08-27 10:13:23,620 - INFO - ------------- logs output to log.out
2025-08-27 10:13:24,337 - INFO - Fundamental frequency detected 110.31826582581682, computing pitch shift
2025-08-27 10:13:24,337 - INFO - Updating pitch to 15
2025-08-27 10:14:22,662 - INFO - ------------- logs output to log.out
2025-08-27 10:14:22,785 - INFO - Fundamental frequency detected 105.41052323827435, computing pitch shift
2025-08-27 10:14:22,785 - INFO - Updating pitch to 16
2025-08-27 10:22:59,595 - INFO - ------------- logs output to log.out
2025-08-27 10:22:59,712 - INFO - Fundamental frequency detected 103.43713077267104, computing pitch shift
2025-08-27 10:22:59,712 - INFO - Updating pitch to 17
2025-08-27 10:24:00,521 - INFO - ------------- logs output to log.out
2025-08-27 10:24:00,639 - INFO - Fundamental frequency detected 100.16389864642547, computing pitch shift
2025-08-27 10:24:00,639 - INFO - Updating pitch to 17
